<?xml version="1.0" encoding="UTF-8"?>
<!-- Generated by org.testng.reporters.JUnitReportReporter -->
<testsuite hostname="PC-SLMK" failures="0" tests="1" name="demotestngproject.BaseTest" time="12.395" errors="0" timestamp="2023-03-05T21:30:56 EET" skipped="0">
  <testcase classname="demotestngproject.BaseTest" name="Testmethod" time="12.395"/>
  <system-out/>
</testsuite> <!-- demotestngproject.BaseTest -->
