<?xml version="1.0" encoding="UTF-8"?>
<!-- Generated by org.testng.reporters.JUnitReportReporter -->
<testsuite hostname="PC-SLMK" failures="0" tests="1" name="demotestngproject.FirstTest" time="19.315" errors="0" timestamp="2023-03-04T00:28:19 EET" skipped="0">
  <testcase classname="demotestngproject.FirstTest" name="SearchProduct" time="19.315"/>
  <system-out/>
</testsuite> <!-- demotestngproject.FirstTest -->
