<?xml version="1.0" encoding="UTF-8"?>
<!-- Generated by org.testng.reporters.JUnitReportReporter -->
<testsuite hostname="PC-SLMK" failures="0" tests="1" name="demotestngproject.FirstTestNGclass" time="9.456" errors="0" timestamp="2023-03-02T19:36:16 EET" skipped="0">
  <testcase classname="demotestngproject.FirstTestNGclass" name="verifyPageTitle" time="9.456"/>
  <system-out/>
</testsuite> <!-- demotestngproject.FirstTestNGclass -->
