<?xml version="1.0" encoding="UTF-8"?>
<!-- Generated by org.testng.reporters.JUnitReportReporter -->
<testsuite hostname="PC-SLMK" failures="0" tests="1" name="demotestngproject.FirstTest" time="16.272" errors="0" timestamp="2023-03-04T23:43:42 EET" skipped="0">
  <testcase classname="demotestngproject.FirstTest" name="SearchProduct" time="16.272"/>
  <system-out/>
</testsuite> <!-- demotestngproject.FirstTest -->
